# JRE version: Java(TM) SE Runtime Environment (8.0_161-b12) (build 1.8.0_161-b12)
# Java VM: Java HotSpot(TM) 64-Bit Server VM (25.161-b12 mixed mode windows-amd64 compressed oops)
Heap:
 PSYoungGen      total 227840K, used 129471K [0x00000000d5d80000, 0x00000000e5e80000, 0x0000000100000000)
  eden space 213504K, 60% used [0x00000000d5d80000,0x00000000ddbefe88,0x00000000e2e00000)
  from space 14336K, 0% used [0x00000000e3d00000,0x00000000e3d00000,0x00000000e4b00000)
  to   space 15360K, 0% used [0x00000000e2e00000,0x00000000e2e00000,0x00000000e3d00000)
 ParOldGen       total 75776K, used 19950K [0x0000000081800000, 0x0000000086200000, 0x00000000d5d80000)
  object space 75776K, 26% used [0x0000000081800000,0x0000000082b7ba20,0x0000000086200000)
 Metaspace       used 40319K, capacity 41994K, committed 42192K, reserved 1085440K
  class space    used 5220K, capacity 5531K, committed 5584K, reserved 1048576K
GC Heap History (10 events):
Event: 1.503 GC heap before
{Heap before GC invocations=6 (full 1):
 PSYoungGen      total 71680K, used 5112K [0x00000000d5d80000, 0x00000000df280000, 0x0000000100000000)
  eden space 66560K, 0% used [0x00000000d5d80000,0x00000000d5d80000,0x00000000d9e80000)
  from space 5120K, 99% used [0x00000000d9e80000,0x00000000da37e030,0x00000000da380000)
  to   space 9728K, 0% used [0x00000000de900000,0x00000000de900000,0x00000000df280000)
 ParOldGen       total 87552K, used 7320K [0x0000000081800000, 0x0000000086d80000, 0x00000000d5d80000)
  object space 87552K, 8% used [0x0000000081800000,0x0000000081f262e0,0x0000000086d80000)
 Metaspace       used 20972K, capacity 21534K, committed 21628K, reserved 1069056K
  class space    used 2718K, capacity 2885K, committed 2940K, reserved 1048576K
Event: 1.536 GC heap after
Heap after GC invocations=6 (full 1):
 PSYoungGen      total 71680K, used 0K [0x00000000d5d80000, 0x00000000df280000, 0x0000000100000000)
  eden space 66560K, 0% used [0x00000000d5d80000,0x00000000d5d80000,0x00000000d9e80000)
  from space 5120K, 0% used [0x00000000d9e80000,0x00000000d9e80000,0x00000000da380000)
  to   space 9728K, 0% used [0x00000000de900000,0x00000000de900000,0x00000000df280000)
 ParOldGen       total 48128K, used 5255K [0x0000000081800000, 0x0000000084700000, 0x00000000d5d80000)
  object space 48128K, 10% used [0x0000000081800000,0x0000000081d21ea0,0x0000000084700000)
 Metaspace       used 20972K, capacity 21534K, committed 21628K, reserved 1069056K
  class space    used 2718K, capacity 2885K, committed 2940K, reserved 1048576K
}
Event: 2.552 GC heap before
{Heap before GC invocations=7 (full 1):
 PSYoungGen      total 71680K, used 66560K [0x00000000d5d80000, 0x00000000df280000, 0x0000000100000000)
  eden space 66560K, 100% used [0x00000000d5d80000,0x00000000d9e80000,0x00000000d9e80000)
  from space 5120K, 0% used [0x00000000d9e80000,0x00000000d9e80000,0x00000000da380000)
  to   space 9728K, 0% used [0x00000000de900000,0x00000000de900000,0x00000000df280000)
 ParOldGen       total 48128K, used 5255K [0x0000000081800000, 0x0000000084700000, 0x00000000d5d80000)
  object space 48128K, 10% used [0x0000000081800000,0x0000000081d21ea0,0x0000000084700000)
 Metaspace       used 26095K, capacity 26900K, committed 27132K, reserved 1073152K
  class space    used 3371K, capacity 3566K, committed 3580K, reserved 1048576K
Event: 2.565 GC heap after
Heap after GC invocations=7 (full 1):
 PSYoungGen      total 128512K, used 7430K [0x00000000d5d80000, 0x00000000df080000, 0x0000000100000000)
  eden space 120832K, 0% used [0x00000000d5d80000,0x00000000d5d80000,0x00000000dd380000)
  from space 7680K, 96% used [0x00000000de900000,0x00000000df041b48,0x00000000df080000)
  to   space 9728K, 0% used [0x00000000ddd80000,0x00000000ddd80000,0x00000000de700000)
 ParOldGen       total 48128K, used 5327K [0x0000000081800000, 0x0000000084700000, 0x00000000d5d80000)
  object space 48128K, 11% used [0x0000000081800000,0x0000000081d33eb0,0x0000000084700000)
 Metaspace       used 26095K, capacity 26900K, committed 27132K, reserved 1073152K
  class space    used 3371K, capacity 3566K, committed 3580K, reserved 1048576K
}
Event: 4.231 GC heap before
{Heap before GC invocations=8 (full 1):
 PSYoungGen      total 128512K, used 128262K [0x00000000d5d80000, 0x00000000df080000, 0x0000000100000000)
  eden space 120832K, 100% used [0x00000000d5d80000,0x00000000dd380000,0x00000000dd380000)
  from space 7680K, 96% used [0x00000000de900000,0x00000000df041b48,0x00000000df080000)
  to   space 9728K, 0% used [0x00000000ddd80000,0x00000000ddd80000,0x00000000de700000)
 ParOldGen       total 48128K, used 5327K [0x0000000081800000, 0x0000000084700000, 0x00000000d5d80000)
  object space 48128K, 11% used [0x0000000081800000,0x0000000081d33eb0,0x0000000084700000)
 Metaspace       used 33807K, capacity 35058K, committed 35452K, reserved 1079296K
  class space    used 4378K, capacity 4619K, committed 4732K, reserved 1048576K
Event: 4.252 GC heap after
Heap after GC invocations=8 (full 1):
 PSYoungGen      total 140800K, used 9724K [0x00000000d5d80000, 0x00000000e4b00000, 0x0000000100000000)
  eden space 131072K, 0% used [0x00000000d5d80000,0x00000000d5d80000,0x00000000ddd80000)
  from space 9728K, 99% used [0x00000000ddd80000,0x00000000de6ff060,0x00000000de700000)
  to   space 14336K, 0% used [0x00000000e3d00000,0x00000000e3d00000,0x00000000e4b00000)
 ParOldGen       total 48128K, used 12738K [0x0000000081800000, 0x0000000084700000, 0x00000000d5d80000)
  object space 48128K, 26% used [0x0000000081800000,0x0000000082470908,0x0000000084700000)
 Metaspace       used 33807K, capacity 35058K, committed 35452K, reserved 1079296K
  class space    used 4378K, capacity 4619K, committed 4732K, reserved 1048576K
}
Event: 4.574 GC heap before
{Heap before GC invocations=9 (full 1):
 PSYoungGen      total 140800K, used 46175K [0x00000000d5d80000, 0x00000000e4b00000, 0x0000000100000000)
  eden space 131072K, 27% used [0x00000000d5d80000,0x00000000d8118e18,0x00000000ddd80000)
  from space 9728K, 99% used [0x00000000ddd80000,0x00000000de6ff060,0x00000000de700000)
  to   space 14336K, 0% used [0x00000000e3d00000,0x00000000e3d00000,0x00000000e4b00000)
 ParOldGen       total 48128K, used 12738K [0x0000000081800000, 0x0000000084700000, 0x00000000d5d80000)
  object space 48128K, 26% used [0x0000000081800000,0x0000000082470908,0x0000000084700000)
 Metaspace       used 34570K, capacity 35892K, committed 36048K, reserved 1081344K
  class space    used 4477K, capacity 4734K, committed 4816K, reserved 1048576K
Event: 4.599 GC heap after
Heap after GC invocations=9 (full 1):
 PSYoungGen      total 227840K, used 11840K [0x00000000d5d80000, 0x00000000e5e80000, 0x0000000100000000)
  eden space 213504K, 0% used [0x00000000d5d80000,0x00000000d5d80000,0x00000000e2e00000)
  from space 14336K, 82% used [0x00000000e3d00000,0x00000000e4890060,0x00000000e4b00000)
  to   space 15360K, 0% used [0x00000000e2e00000,0x00000000e2e00000,0x00000000e3d00000)
 ParOldGen       total 48128K, used 12746K [0x0000000081800000, 0x0000000084700000, 0x00000000d5d80000)
  object space 48128K, 26% used [0x0000000081800000,0x0000000082472908,0x0000000084700000)
 Metaspace       used 34570K, capacity 35892K, committed 36048K, reserved 1081344K
  class space    used 4477K, capacity 4734K, committed 4816K, reserved 1048576K
}
Event: 4.599 GC heap before
{Heap before GC invocations=10 (full 2):
 PSYoungGen      total 227840K, used 11840K [0x00000000d5d80000, 0x00000000e5e80000, 0x0000000100000000)
  eden space 213504K, 0% used [0x00000000d5d80000,0x00000000d5d80000,0x00000000e2e00000)
  from space 14336K, 82% used [0x00000000e3d00000,0x00000000e4890060,0x00000000e4b00000)
  to   space 15360K, 0% used [0x00000000e2e00000,0x00000000e2e00000,0x00000000e3d00000)
 ParOldGen       total 48128K, used 12746K [0x0000000081800000, 0x0000000084700000, 0x00000000d5d80000)
  object space 48128K, 26% used [0x0000000081800000,0x0000000082472908,0x0000000084700000)
 Metaspace       used 34570K, capacity 35892K, committed 36048K, reserved 1081344K
  class space    used 4477K, capacity 4734K, committed 4816K, reserved 1048576K
Event: 4.702 GC heap after
Heap after GC invocations=10 (full 2):
 PSYoungGen      total 227840K, used 0K [0x00000000d5d80000, 0x00000000e5e80000, 0x0000000100000000)
  eden space 213504K, 0% used [0x00000000d5d80000,0x00000000d5d80000,0x00000000e2e00000)
  from space 14336K, 0% used [0x00000000e3d00000,0x00000000e3d00000,0x00000000e4b00000)
  to   space 15360K, 0% used [0x00000000e2e00000,0x00000000e2e00000,0x00000000e3d00000)
 ParOldGen       total 75776K, used 19950K [0x0000000081800000, 0x0000000086200000, 0x00000000d5d80000)
  object space 75776K, 26% used [0x0000000081800000,0x0000000082b7ba20,0x0000000086200000)
 Metaspace       used 34570K, capacity 35892K, committed 36048K, reserved 1081344K
  class space    used 4477K, capacity 4734K, committed 4816K, reserved 1048576K
}

