# JRE version: Java(TM) SE Runtime Environment (8.0_161-b12) (build 1.8.0_161-b12)
# Java VM: Java HotSpot(TM) 64-Bit Server VM (25.161-b12 mixed mode windows-amd64 compressed oops)
Heap:
 PSYoungGen      total 120832K, used 6927K [0x00000000d5d80000, 0x00000000de100000, 0x0000000100000000)
  eden space 108032K, 6% used [0x00000000d5d80000,0x00000000d6443d40,0x00000000dc700000)
  from space 12800K, 0% used [0x00000000dc700000,0x00000000dc700000,0x00000000dd380000)
  to   space 9728K, 0% used [0x00000000dd380000,0x00000000dd380000,0x00000000ddd00000)
 ParOldGen       total 91136K, used 20021K [0x0000000081800000, 0x0000000087100000, 0x00000000d5d80000)
  object space 91136K, 21% used [0x0000000081800000,0x0000000082b8d730,0x0000000087100000)
 Metaspace       used 34160K, capacity 35468K, committed 35712K, reserved 1081344K
  class space    used 4415K, capacity 4656K, committed 4736K, reserved 1048576K
GC Heap History (10 events):
Event: 1.886 GC heap before
{Heap before GC invocations=5 (full 1):
 PSYoungGen      total 71680K, used 5106K [0x00000000d5d80000, 0x00000000da880000, 0x0000000100000000)
  eden space 66560K, 0% used [0x00000000d5d80000,0x00000000d5d80000,0x00000000d9e80000)
  from space 5120K, 99% used [0x00000000da380000,0x00000000da87c920,0x00000000da880000)
  to   space 5120K, 0% used [0x00000000d9e80000,0x00000000d9e80000,0x00000000da380000)
 ParOldGen       total 87552K, used 6867K [0x0000000081800000, 0x0000000086d80000, 0x00000000d5d80000)
  object space 87552K, 7% used [0x0000000081800000,0x0000000081eb4c58,0x0000000086d80000)
 Metaspace       used 20564K, capacity 21150K, committed 21296K, reserved 1067008K
  class space    used 2670K, capacity 2821K, committed 2944K, reserved 1048576K
Event: 1.917 GC heap after
Heap after GC invocations=5 (full 1):
 PSYoungGen      total 71680K, used 0K [0x00000000d5d80000, 0x00000000da880000, 0x0000000100000000)
  eden space 66560K, 0% used [0x00000000d5d80000,0x00000000d5d80000,0x00000000d9e80000)
  from space 5120K, 0% used [0x00000000da380000,0x00000000da380000,0x00000000da880000)
  to   space 5120K, 0% used [0x00000000d9e80000,0x00000000d9e80000,0x00000000da380000)
 ParOldGen       total 53760K, used 5598K [0x0000000081800000, 0x0000000084c80000, 0x00000000d5d80000)
  object space 53760K, 10% used [0x0000000081800000,0x0000000081d77a40,0x0000000084c80000)
 Metaspace       used 20564K, capacity 21150K, committed 21296K, reserved 1067008K
  class space    used 2670K, capacity 2821K, committed 2944K, reserved 1048576K
}
Event: 2.838 GC heap before
{Heap before GC invocations=6 (full 1):
 PSYoungGen      total 71680K, used 66560K [0x00000000d5d80000, 0x00000000da880000, 0x0000000100000000)
  eden space 66560K, 100% used [0x00000000d5d80000,0x00000000d9e80000,0x00000000d9e80000)
  from space 5120K, 0% used [0x00000000da380000,0x00000000da380000,0x00000000da880000)
  to   space 5120K, 0% used [0x00000000d9e80000,0x00000000d9e80000,0x00000000da380000)
 ParOldGen       total 53760K, used 5598K [0x0000000081800000, 0x0000000084c80000, 0x00000000d5d80000)
  object space 53760K, 10% used [0x0000000081800000,0x0000000081d77a40,0x0000000084c80000)
 Metaspace       used 25866K, capacity 26642K, committed 26880K, reserved 1073152K
  class space    used 3348K, capacity 3527K, committed 3584K, reserved 1048576K
Event: 2.851 GC heap after
Heap after GC invocations=6 (full 1):
 PSYoungGen      total 71680K, used 5089K [0x00000000d5d80000, 0x00000000ddd00000, 0x0000000100000000)
  eden space 66560K, 0% used [0x00000000d5d80000,0x00000000d5d80000,0x00000000d9e80000)
  from space 5120K, 99% used [0x00000000d9e80000,0x00000000da3786e0,0x00000000da380000)
  to   space 9728K, 0% used [0x00000000dd380000,0x00000000dd380000,0x00000000ddd00000)
 ParOldGen       total 53760K, used 7950K [0x0000000081800000, 0x0000000084c80000, 0x00000000d5d80000)
  object space 53760K, 14% used [0x0000000081800000,0x0000000081fc3be0,0x0000000084c80000)
 Metaspace       used 25866K, capacity 26642K, committed 26880K, reserved 1073152K
  class space    used 3348K, capacity 3527K, committed 3584K, reserved 1048576K
}
Event: 3.841 GC heap before
{Heap before GC invocations=7 (full 1):
 PSYoungGen      total 71680K, used 71649K [0x00000000d5d80000, 0x00000000ddd00000, 0x0000000100000000)
  eden space 66560K, 100% used [0x00000000d5d80000,0x00000000d9e80000,0x00000000d9e80000)
  from space 5120K, 99% used [0x00000000d9e80000,0x00000000da3786e0,0x00000000da380000)
  to   space 9728K, 0% used [0x00000000dd380000,0x00000000dd380000,0x00000000ddd00000)
 ParOldGen       total 53760K, used 7950K [0x0000000081800000, 0x0000000084c80000, 0x00000000d5d80000)
  object space 53760K, 14% used [0x0000000081800000,0x0000000081fc3be0,0x0000000084c80000)
 Metaspace       used 30603K, capacity 31794K, committed 31872K, reserved 1077248K
  class space    used 3967K, capacity 4215K, committed 4224K, reserved 1048576K
Event: 3.855 GC heap after
Heap after GC invocations=7 (full 1):
 PSYoungGen      total 117760K, used 9714K [0x00000000d5d80000, 0x00000000de100000, 0x0000000100000000)
  eden space 108032K, 0% used [0x00000000d5d80000,0x00000000d5d80000,0x00000000dc700000)
  from space 9728K, 99% used [0x00000000dd380000,0x00000000ddcfc9c0,0x00000000ddd00000)
  to   space 12800K, 0% used [0x00000000dc700000,0x00000000dc700000,0x00000000dd380000)
 ParOldGen       total 53760K, used 11150K [0x0000000081800000, 0x0000000084c80000, 0x00000000d5d80000)
  object space 53760K, 20% used [0x0000000081800000,0x00000000822e38a8,0x0000000084c80000)
 Metaspace       used 30603K, capacity 31794K, committed 31872K, reserved 1077248K
  class space    used 3967K, capacity 4215K, committed 4224K, reserved 1048576K
}
Event: 4.698 GC heap before
{Heap before GC invocations=8 (full 1):
 PSYoungGen      total 117760K, used 76068K [0x00000000d5d80000, 0x00000000de100000, 0x0000000100000000)
  eden space 108032K, 61% used [0x00000000d5d80000,0x00000000d9e4c8a0,0x00000000dc700000)
  from space 9728K, 99% used [0x00000000dd380000,0x00000000ddcfc9c0,0x00000000ddd00000)
  to   space 12800K, 0% used [0x00000000dc700000,0x00000000dc700000,0x00000000dd380000)
 ParOldGen       total 53760K, used 11150K [0x0000000081800000, 0x0000000084c80000, 0x00000000d5d80000)
  object space 53760K, 20% used [0x0000000081800000,0x00000000822e38a8,0x0000000084c80000)
 Metaspace       used 34015K, capacity 35320K, committed 35456K, reserved 1079296K
  class space    used 4394K, capacity 4652K, committed 4736K, reserved 1048576K
Event: 4.715 GC heap after
Heap after GC invocations=8 (full 1):
 PSYoungGen      total 120832K, used 12781K [0x00000000d5d80000, 0x00000000de100000, 0x0000000100000000)
  eden space 108032K, 0% used [0x00000000d5d80000,0x00000000d5d80000,0x00000000dc700000)
  from space 12800K, 99% used [0x00000000dc700000,0x00000000dd37b620,0x00000000dd380000)
  to   space 9728K, 0% used [0x00000000dd380000,0x00000000dd380000,0x00000000ddd00000)
 ParOldGen       total 53760K, used 13174K [0x0000000081800000, 0x0000000084c80000, 0x00000000d5d80000)
  object space 53760K, 24% used [0x0000000081800000,0x00000000824dd848,0x0000000084c80000)
 Metaspace       used 34015K, capacity 35320K, committed 35456K, reserved 1079296K
  class space    used 4394K, capacity 4652K, committed 4736K, reserved 1048576K
}
Event: 4.715 GC heap before
{Heap before GC invocations=9 (full 2):
 PSYoungGen      total 120832K, used 12781K [0x00000000d5d80000, 0x00000000de100000, 0x0000000100000000)
  eden space 108032K, 0% used [0x00000000d5d80000,0x00000000d5d80000,0x00000000dc700000)
  from space 12800K, 99% used [0x00000000dc700000,0x00000000dd37b620,0x00000000dd380000)
  to   space 9728K, 0% used [0x00000000dd380000,0x00000000dd380000,0x00000000ddd00000)
 ParOldGen       total 53760K, used 13174K [0x0000000081800000, 0x0000000084c80000, 0x00000000d5d80000)
  object space 53760K, 24% used [0x0000000081800000,0x00000000824dd848,0x0000000084c80000)
 Metaspace       used 34015K, capacity 35320K, committed 35456K, reserved 1079296K
  class space    used 4394K, capacity 4652K, committed 4736K, reserved 1048576K
Event: 4.831 GC heap after
Heap after GC invocations=9 (full 2):
 PSYoungGen      total 120832K, used 0K [0x00000000d5d80000, 0x00000000de100000, 0x0000000100000000)
  eden space 108032K, 0% used [0x00000000d5d80000,0x00000000d5d80000,0x00000000dc700000)
  from space 12800K, 0% used [0x00000000dc700000,0x00000000dc700000,0x00000000dd380000)
  to   space 9728K, 0% used [0x00000000dd380000,0x00000000dd380000,0x00000000ddd00000)
 ParOldGen       total 91136K, used 20021K [0x0000000081800000, 0x0000000087100000, 0x00000000d5d80000)
  object space 91136K, 21% used [0x0000000081800000,0x0000000082b8d730,0x0000000087100000)
 Metaspace       used 34015K, capacity 35320K, committed 35456K, reserved 1079296K
  class space    used 4394K, capacity 4652K, committed 4736K, reserved 1048576K
}

