# JRE version: Java(TM) SE Runtime Environment (8.0_161-b12) (build 1.8.0_161-b12)
# Java VM: Java HotSpot(TM) 64-Bit Server VM (25.161-b12 mixed mode windows-amd64 compressed oops)
Heap:
 PSYoungGen      total 112640K, used 11841K [0x00000000d5d80000, 0x00000000dda80000, 0x0000000100000000)
  eden space 103424K, 11% used [0x00000000d5d80000,0x00000000d69104e0,0x00000000dc280000)
  from space 9216K, 0% used [0x00000000dce80000,0x00000000dce80000,0x00000000dd780000)
  to   space 12288K, 0% used [0x00000000dc280000,0x00000000dc280000,0x00000000dce80000)
 ParOldGen       total 55808K, used 15658K [0x0000000081800000, 0x0000000084e80000, 0x00000000d5d80000)
  object space 55808K, 28% used [0x0000000081800000,0x000000008274a8c8,0x0000000084e80000)
 Metaspace       used 34341K, capacity 35636K, committed 35968K, reserved 1085440K
  class space    used 4437K, capacity 4694K, committed 4736K, reserved 1048576K
GC Heap History (10 events):
Event: 4.576 GC heap before
{Heap before GC invocations=11 (full 3):
 PSYoungGen      total 112640K, used 672K [0x00000000d5d80000, 0x00000000dda80000, 0x0000000100000000)
  eden space 103424K, 0% used [0x00000000d5d80000,0x00000000d5d80000,0x00000000dc280000)
  from space 9216K, 7% used [0x00000000dce80000,0x00000000dcf28000,0x00000000dd780000)
  to   space 12288K, 0% used [0x00000000dc280000,0x00000000dc280000,0x00000000dce80000)
 ParOldGen       total 55808K, used 19922K [0x0000000081800000, 0x0000000084e80000, 0x00000000d5d80000)
  object space 55808K, 35% used [0x0000000081800000,0x0000000082b74808,0x0000000084e80000)
 Metaspace       used 34246K, capacity 35562K, committed 35712K, reserved 1085440K
  class space    used 4426K, capacity 4689K, committed 4736K, reserved 1048576K
Event: 4.670 GC heap after
Heap after GC invocations=11 (full 3):
 PSYoungGen      total 112640K, used 0K [0x00000000d5d80000, 0x00000000dda80000, 0x0000000100000000)
  eden space 103424K, 0% used [0x00000000d5d80000,0x00000000d5d80000,0x00000000dc280000)
  from space 9216K, 0% used [0x00000000dce80000,0x00000000dce80000,0x00000000dd780000)
  to   space 12288K, 0% used [0x00000000dc280000,0x00000000dc280000,0x00000000dce80000)
 ParOldGen       total 55808K, used 18373K [0x0000000081800000, 0x0000000084e80000, 0x00000000d5d80000)
  object space 55808K, 32% used [0x0000000081800000,0x00000000829f15c0,0x0000000084e80000)
 Metaspace       used 34246K, capacity 35562K, committed 35712K, reserved 1083392K
  class space    used 4426K, capacity 4689K, committed 4736K, reserved 1048576K
}
Event: 4.671 GC heap before
{Heap before GC invocations=12 (full 3):
 PSYoungGen      total 112640K, used 0K [0x00000000d5d80000, 0x00000000dda80000, 0x0000000100000000)
  eden space 103424K, 0% used [0x00000000d5d80000,0x00000000d5d80000,0x00000000dc280000)
  from space 9216K, 0% used [0x00000000dce80000,0x00000000dce80000,0x00000000dd780000)
  to   space 12288K, 0% used [0x00000000dc280000,0x00000000dc280000,0x00000000dce80000)
 ParOldGen       total 55808K, used 18373K [0x0000000081800000, 0x0000000084e80000, 0x00000000d5d80000)
  object space 55808K, 32% used [0x0000000081800000,0x00000000829f15c0,0x0000000084e80000)
 Metaspace       used 34246K, capacity 35562K, committed 35712K, reserved 1087488K
  class space    used 4426K, capacity 4689K, committed 4736K, reserved 1048576K
Event: 4.672 GC heap after
Heap after GC invocations=12 (full 3):
 PSYoungGen      total 115712K, used 0K [0x00000000d5d80000, 0x00000000dda80000, 0x0000000100000000)
  eden space 103424K, 0% used [0x00000000d5d80000,0x00000000d5d80000,0x00000000dc280000)
  from space 12288K, 0% used [0x00000000dc280000,0x00000000dc280000,0x00000000dce80000)
  to   space 9216K, 0% used [0x00000000dce80000,0x00000000dce80000,0x00000000dd780000)
 ParOldGen       total 55808K, used 18373K [0x0000000081800000, 0x0000000084e80000, 0x00000000d5d80000)
  object space 55808K, 32% used [0x0000000081800000,0x00000000829f15c0,0x0000000084e80000)
 Metaspace       used 34246K, capacity 35562K, committed 35712K, reserved 1087488K
  class space    used 4426K, capacity 4689K, committed 4736K, reserved 1048576K
}
Event: 4.672 GC heap before
{Heap before GC invocations=13 (full 4):
 PSYoungGen      total 115712K, used 0K [0x00000000d5d80000, 0x00000000dda80000, 0x0000000100000000)
  eden space 103424K, 0% used [0x00000000d5d80000,0x00000000d5d80000,0x00000000dc280000)
  from space 12288K, 0% used [0x00000000dc280000,0x00000000dc280000,0x00000000dce80000)
  to   space 9216K, 0% used [0x00000000dce80000,0x00000000dce80000,0x00000000dd780000)
 ParOldGen       total 55808K, used 18373K [0x0000000081800000, 0x0000000084e80000, 0x00000000d5d80000)
  object space 55808K, 32% used [0x0000000081800000,0x00000000829f15c0,0x0000000084e80000)
 Metaspace       used 34246K, capacity 35562K, committed 35712K, reserved 1087488K
  class space    used 4426K, capacity 4689K, committed 4736K, reserved 1048576K
Event: 4.706 GC heap after
Heap after GC invocations=13 (full 4):
 PSYoungGen      total 115712K, used 0K [0x00000000d5d80000, 0x00000000dda80000, 0x0000000100000000)
  eden space 103424K, 0% used [0x00000000d5d80000,0x00000000d5d80000,0x00000000dc280000)
  from space 12288K, 0% used [0x00000000dc280000,0x00000000dc280000,0x00000000dce80000)
  to   space 9216K, 0% used [0x00000000dce80000,0x00000000dce80000,0x00000000dd780000)
 ParOldGen       total 55808K, used 18191K [0x0000000081800000, 0x0000000084e80000, 0x00000000d5d80000)
  object space 55808K, 32% used [0x0000000081800000,0x00000000829c3e20,0x0000000084e80000)
 Metaspace       used 34246K, capacity 35562K, committed 35712K, reserved 1083392K
  class space    used 4426K, capacity 4689K, committed 4736K, reserved 1048576K
}
Event: 4.706 GC heap before
{Heap before GC invocations=14 (full 4):
 PSYoungGen      total 115712K, used 0K [0x00000000d5d80000, 0x00000000dda80000, 0x0000000100000000)
  eden space 103424K, 0% used [0x00000000d5d80000,0x00000000d5d80000,0x00000000dc280000)
  from space 12288K, 0% used [0x00000000dc280000,0x00000000dc280000,0x00000000dce80000)
  to   space 9216K, 0% used [0x00000000dce80000,0x00000000dce80000,0x00000000dd780000)
 ParOldGen       total 55808K, used 18191K [0x0000000081800000, 0x0000000084e80000, 0x00000000d5d80000)
  object space 55808K, 32% used [0x0000000081800000,0x00000000829c3e20,0x0000000084e80000)
 Metaspace       used 34246K, capacity 35562K, committed 35712K, reserved 1087488K
  class space    used 4426K, capacity 4689K, committed 4736K, reserved 1048576K
Event: 4.707 GC heap after
Heap after GC invocations=14 (full 4):
 PSYoungGen      total 112640K, used 0K [0x00000000d5d80000, 0x00000000dda80000, 0x0000000100000000)
  eden space 103424K, 0% used [0x00000000d5d80000,0x00000000d5d80000,0x00000000dc280000)
  from space 9216K, 0% used [0x00000000dce80000,0x00000000dce80000,0x00000000dd780000)
  to   space 12288K, 0% used [0x00000000dc280000,0x00000000dc280000,0x00000000dce80000)
 ParOldGen       total 55808K, used 18191K [0x0000000081800000, 0x0000000084e80000, 0x00000000d5d80000)
  object space 55808K, 32% used [0x0000000081800000,0x00000000829c3e20,0x0000000084e80000)
 Metaspace       used 34246K, capacity 35562K, committed 35712K, reserved 1087488K
  class space    used 4426K, capacity 4689K, committed 4736K, reserved 1048576K
}
Event: 4.707 GC heap before
{Heap before GC invocations=15 (full 5):
 PSYoungGen      total 112640K, used 0K [0x00000000d5d80000, 0x00000000dda80000, 0x0000000100000000)
  eden space 103424K, 0% used [0x00000000d5d80000,0x00000000d5d80000,0x00000000dc280000)
  from space 9216K, 0% used [0x00000000dce80000,0x00000000dce80000,0x00000000dd780000)
  to   space 12288K, 0% used [0x00000000dc280000,0x00000000dc280000,0x00000000dce80000)
 ParOldGen       total 55808K, used 18191K [0x0000000081800000, 0x0000000084e80000, 0x00000000d5d80000)
  object space 55808K, 32% used [0x0000000081800000,0x00000000829c3e20,0x0000000084e80000)
 Metaspace       used 34246K, capacity 35562K, committed 35712K, reserved 1087488K
  class space    used 4426K, capacity 4689K, committed 4736K, reserved 1048576K
Event: 4.819 GC heap after
Heap after GC invocations=15 (full 5):
 PSYoungGen      total 112640K, used 0K [0x00000000d5d80000, 0x00000000dda80000, 0x0000000100000000)
  eden space 103424K, 0% used [0x00000000d5d80000,0x00000000d5d80000,0x00000000dc280000)
  from space 9216K, 0% used [0x00000000dce80000,0x00000000dce80000,0x00000000dd780000)
  to   space 12288K, 0% used [0x00000000dc280000,0x00000000dc280000,0x00000000dce80000)
 ParOldGen       total 55808K, used 15658K [0x0000000081800000, 0x0000000084e80000, 0x00000000d5d80000)
  object space 55808K, 28% used [0x0000000081800000,0x000000008274a8c8,0x0000000084e80000)
 Metaspace       used 34128K, capacity 35374K, committed 35712K, reserved 1083392K
  class space    used 4406K, capacity 4653K, committed 4736K, reserved 1048576K
}

