# JRE version: Java(TM) SE Runtime Environment (8.0_161-b12) (build 1.8.0_161-b12)
# Java VM: Java HotSpot(TM) 64-Bit Server VM (25.161-b12 mixed mode windows-amd64 compressed oops)
Heap:
 PSYoungGen      total 113152K, used 90157K [0x00000000d5d80000, 0x00000000e1180000, 0x0000000100000000)
  eden space 100864K, 89% used [0x00000000d5d80000,0x00000000db58b450,0x00000000dc000000)
  from space 12288K, 0% used [0x00000000dc000000,0x00000000dc000000,0x00000000dcc00000)
  to   space 15360K, 0% used [0x00000000e0280000,0x00000000e0280000,0x00000000e1180000)
 ParOldGen       total 101376K, used 20260K [0x0000000081800000, 0x0000000087b00000, 0x00000000d5d80000)
  object space 101376K, 19% used [0x0000000081800000,0x0000000082bc9028,0x0000000087b00000)
 Metaspace       used 36356K, capacity 37966K, committed 38144K, reserved 1083392K
  class space    used 4706K, capacity 5010K, committed 5120K, reserved 1048576K
GC Heap History (10 events):
Event: 1.545 GC heap before
{Heap before GC invocations=5 (full 1):
 PSYoungGen      total 71680K, used 5110K [0x00000000d5d80000, 0x00000000da880000, 0x0000000100000000)
  eden space 66560K, 0% used [0x00000000d5d80000,0x00000000d5d80000,0x00000000d9e80000)
  from space 5120K, 99% used [0x00000000da380000,0x00000000da87d8e0,0x00000000da880000)
  to   space 5120K, 0% used [0x00000000d9e80000,0x00000000d9e80000,0x00000000da380000)
 ParOldGen       total 87552K, used 6930K [0x0000000081800000, 0x0000000086d80000, 0x00000000d5d80000)
  object space 87552K, 7% used [0x0000000081800000,0x0000000081ec4b18,0x0000000086d80000)
 Metaspace       used 20599K, capacity 21198K, committed 21296K, reserved 1067008K
  class space    used 2682K, capacity 2857K, committed 2944K, reserved 1048576K
Event: 1.588 GC heap after
Heap after GC invocations=5 (full 1):
 PSYoungGen      total 71680K, used 0K [0x00000000d5d80000, 0x00000000da880000, 0x0000000100000000)
  eden space 66560K, 0% used [0x00000000d5d80000,0x00000000d5d80000,0x00000000d9e80000)
  from space 5120K, 0% used [0x00000000da380000,0x00000000da380000,0x00000000da880000)
  to   space 5120K, 0% used [0x00000000d9e80000,0x00000000d9e80000,0x00000000da380000)
 ParOldGen       total 57344K, used 5710K [0x0000000081800000, 0x0000000085000000, 0x00000000d5d80000)
  object space 57344K, 9% used [0x0000000081800000,0x0000000081d93928,0x0000000085000000)
 Metaspace       used 20599K, capacity 21198K, committed 21296K, reserved 1067008K
  class space    used 2682K, capacity 2857K, committed 2944K, reserved 1048576K
}
Event: 2.570 GC heap before
{Heap before GC invocations=6 (full 1):
 PSYoungGen      total 71680K, used 66560K [0x00000000d5d80000, 0x00000000da880000, 0x0000000100000000)
  eden space 66560K, 100% used [0x00000000d5d80000,0x00000000d9e80000,0x00000000d9e80000)
  from space 5120K, 0% used [0x00000000da380000,0x00000000da380000,0x00000000da880000)
  to   space 5120K, 0% used [0x00000000d9e80000,0x00000000d9e80000,0x00000000da380000)
 ParOldGen       total 57344K, used 5710K [0x0000000081800000, 0x0000000085000000, 0x00000000d5d80000)
  object space 57344K, 9% used [0x0000000081800000,0x0000000081d93928,0x0000000085000000)
 Metaspace       used 25988K, capacity 26772K, committed 26880K, reserved 1073152K
  class space    used 3356K, capacity 3566K, committed 3584K, reserved 1048576K
Event: 2.583 GC heap after
Heap after GC invocations=6 (full 1):
 PSYoungGen      total 71680K, used 5117K [0x00000000d5d80000, 0x00000000dd580000, 0x0000000100000000)
  eden space 66560K, 0% used [0x00000000d5d80000,0x00000000d5d80000,0x00000000d9e80000)
  from space 5120K, 99% used [0x00000000d9e80000,0x00000000da37f5e0,0x00000000da380000)
  to   space 9728K, 0% used [0x00000000dcc00000,0x00000000dcc00000,0x00000000dd580000)
 ParOldGen       total 57344K, used 7915K [0x0000000081800000, 0x0000000085000000, 0x00000000d5d80000)
  object space 57344K, 13% used [0x0000000081800000,0x0000000081fbafc0,0x0000000085000000)
 Metaspace       used 25988K, capacity 26772K, committed 26880K, reserved 1073152K
  class space    used 3356K, capacity 3566K, committed 3584K, reserved 1048576K
}
Event: 3.549 GC heap before
{Heap before GC invocations=7 (full 1):
 PSYoungGen      total 71680K, used 71677K [0x00000000d5d80000, 0x00000000dd580000, 0x0000000100000000)
  eden space 66560K, 100% used [0x00000000d5d80000,0x00000000d9e80000,0x00000000d9e80000)
  from space 5120K, 99% used [0x00000000d9e80000,0x00000000da37f5e0,0x00000000da380000)
  to   space 9728K, 0% used [0x00000000dcc00000,0x00000000dcc00000,0x00000000dd580000)
 ParOldGen       total 57344K, used 7915K [0x0000000081800000, 0x0000000085000000, 0x00000000d5d80000)
  object space 57344K, 13% used [0x0000000081800000,0x0000000081fbafc0,0x0000000085000000)
 Metaspace       used 30638K, capacity 31794K, committed 31872K, reserved 1077248K
  class space    used 3971K, capacity 4215K, committed 4224K, reserved 1048576K
Event: 3.562 GC heap after
Heap after GC invocations=7 (full 1):
 PSYoungGen      total 110592K, used 9714K [0x00000000d5d80000, 0x00000000dd800000, 0x0000000100000000)
  eden space 100864K, 0% used [0x00000000d5d80000,0x00000000d5d80000,0x00000000dc000000)
  from space 9728K, 99% used [0x00000000dcc00000,0x00000000dd57c980,0x00000000dd580000)
  to   space 12288K, 0% used [0x00000000dc000000,0x00000000dc000000,0x00000000dcc00000)
 ParOldGen       total 57344K, used 11133K [0x0000000081800000, 0x0000000085000000, 0x00000000d5d80000)
  object space 57344K, 19% used [0x0000000081800000,0x00000000822df480,0x0000000085000000)
 Metaspace       used 30638K, capacity 31794K, committed 31872K, reserved 1077248K
  class space    used 3971K, capacity 4215K, committed 4224K, reserved 1048576K
}
Event: 4.459 GC heap before
{Heap before GC invocations=8 (full 1):
 PSYoungGen      total 110592K, used 78091K [0x00000000d5d80000, 0x00000000dd800000, 0x0000000100000000)
  eden space 100864K, 67% used [0x00000000d5d80000,0x00000000da046348,0x00000000dc000000)
  from space 9728K, 99% used [0x00000000dcc00000,0x00000000dd57c980,0x00000000dd580000)
  to   space 12288K, 0% used [0x00000000dc000000,0x00000000dc000000,0x00000000dcc00000)
 ParOldGen       total 57344K, used 11133K [0x0000000081800000, 0x0000000085000000, 0x00000000d5d80000)
  object space 57344K, 19% used [0x0000000081800000,0x00000000822df480,0x0000000085000000)
 Metaspace       used 34049K, capacity 35366K, committed 35456K, reserved 1079296K
  class space    used 4396K, capacity 4689K, committed 4736K, reserved 1048576K
Event: 4.489 GC heap after
Heap after GC invocations=8 (full 1):
 PSYoungGen      total 113152K, used 12276K [0x00000000d5d80000, 0x00000000e1180000, 0x0000000100000000)
  eden space 100864K, 0% used [0x00000000d5d80000,0x00000000d5d80000,0x00000000dc000000)
  from space 12288K, 99% used [0x00000000dc000000,0x00000000dcbfd110,0x00000000dcc00000)
  to   space 15360K, 0% used [0x00000000e0280000,0x00000000e0280000,0x00000000e1180000)
 ParOldGen       total 57344K, used 13824K [0x0000000081800000, 0x0000000085000000, 0x00000000d5d80000)
  object space 57344K, 24% used [0x0000000081800000,0x0000000082580190,0x0000000085000000)
 Metaspace       used 34049K, capacity 35366K, committed 35456K, reserved 1079296K
  class space    used 4396K, capacity 4689K, committed 4736K, reserved 1048576K
}
Event: 4.489 GC heap before
{Heap before GC invocations=9 (full 2):
 PSYoungGen      total 113152K, used 12276K [0x00000000d5d80000, 0x00000000e1180000, 0x0000000100000000)
  eden space 100864K, 0% used [0x00000000d5d80000,0x00000000d5d80000,0x00000000dc000000)
  from space 12288K, 99% used [0x00000000dc000000,0x00000000dcbfd110,0x00000000dcc00000)
  to   space 15360K, 0% used [0x00000000e0280000,0x00000000e0280000,0x00000000e1180000)
 ParOldGen       total 57344K, used 13824K [0x0000000081800000, 0x0000000085000000, 0x00000000d5d80000)
  object space 57344K, 24% used [0x0000000081800000,0x0000000082580190,0x0000000085000000)
 Metaspace       used 34049K, capacity 35366K, committed 35456K, reserved 1079296K
  class space    used 4396K, capacity 4689K, committed 4736K, reserved 1048576K
Event: 4.697 GC heap after
Heap after GC invocations=9 (full 2):
 PSYoungGen      total 113152K, used 0K [0x00000000d5d80000, 0x00000000e1180000, 0x0000000100000000)
  eden space 100864K, 0% used [0x00000000d5d80000,0x00000000d5d80000,0x00000000dc000000)
  from space 12288K, 0% used [0x00000000dc000000,0x00000000dc000000,0x00000000dcc00000)
  to   space 15360K, 0% used [0x00000000e0280000,0x00000000e0280000,0x00000000e1180000)
 ParOldGen       total 101376K, used 20260K [0x0000000081800000, 0x0000000087b00000, 0x00000000d5d80000)
  object space 101376K, 19% used [0x0000000081800000,0x0000000082bc9028,0x0000000087b00000)
 Metaspace       used 34049K, capacity 35366K, committed 35456K, reserved 1079296K
  class space    used 4396K, capacity 4689K, committed 4736K, reserved 1048576K
}

