# JRE version: Java(TM) SE Runtime Environment (8.0_161-b12) (build 1.8.0_161-b12)
# Java VM: Java HotSpot(TM) 64-Bit Server VM (25.161-b12 mixed mode windows-amd64 compressed oops)
Heap:
 PSYoungGen      total 174080K, used 87087K [0x00000000d5d80000, 0x00000000e1c00000, 0x0000000100000000)
  eden space 161280K, 47% used [0x00000000d5d80000,0x00000000da917be0,0x00000000dfb00000)
  from space 12800K, 75% used [0x00000000e0f80000,0x00000000e18f42e0,0x00000000e1c00000)
  to   space 16896K, 0% used [0x00000000dfb00000,0x00000000dfb00000,0x00000000e0b80000)
 ParOldGen       total 100352K, used 21507K [0x0000000081800000, 0x0000000087a00000, 0x00000000d5d80000)
  object space 100352K, 21% used [0x0000000081800000,0x0000000082d00c38,0x0000000087a00000)
 Metaspace       used 46963K, capacity 48674K, committed 48944K, reserved 1091584K
  class space    used 5765K, capacity 6091K, committed 6192K, reserved 1048576K
GC Heap History (10 events):
Event: 4.928 GC heap before
{Heap before GC invocations=8 (full 1):
 PSYoungGen      total 108544K, used 74198K [0x00000000d5d80000, 0x00000000dd680000, 0x0000000100000000)
  eden space 98816K, 65% used [0x00000000d5d80000,0x00000000d9c79100,0x00000000dbe00000)
  from space 9728K, 99% used [0x00000000dca00000,0x00000000dd37c990,0x00000000dd380000)
  to   space 12288K, 0% used [0x00000000dbe00000,0x00000000dbe00000,0x00000000dca00000)
 ParOldGen       total 58368K, used 11219K [0x0000000081800000, 0x0000000085100000, 0x00000000d5d80000)
  object space 58368K, 19% used [0x0000000081800000,0x00000000822f4df8,0x0000000085100000)
 Metaspace       used 34100K, capacity 35402K, committed 35496K, reserved 1081344K
  class space    used 4404K, capacity 4655K, committed 4656K, reserved 1048576K
Event: 4.946 GC heap after
Heap after GC invocations=8 (full 1):
 PSYoungGen      total 111104K, used 12274K [0x00000000d5d80000, 0x00000000e0a00000, 0x0000000100000000)
  eden space 98816K, 0% used [0x00000000d5d80000,0x00000000d5d80000,0x00000000dbe00000)
  from space 12288K, 99% used [0x00000000dbe00000,0x00000000dc9fca00,0x00000000dca00000)
  to   space 15360K, 0% used [0x00000000dfb00000,0x00000000dfb00000,0x00000000e0a00000)
 ParOldGen       total 58368K, used 13650K [0x0000000081800000, 0x0000000085100000, 0x00000000d5d80000)
  object space 58368K, 23% used [0x0000000081800000,0x00000000825549f0,0x0000000085100000)
 Metaspace       used 34100K, capacity 35402K, committed 35496K, reserved 1081344K
  class space    used 4404K, capacity 4655K, committed 4656K, reserved 1048576K
}
Event: 4.946 GC heap before
{Heap before GC invocations=9 (full 2):
 PSYoungGen      total 111104K, used 12274K [0x00000000d5d80000, 0x00000000e0a00000, 0x0000000100000000)
  eden space 98816K, 0% used [0x00000000d5d80000,0x00000000d5d80000,0x00000000dbe00000)
  from space 12288K, 99% used [0x00000000dbe00000,0x00000000dc9fca00,0x00000000dca00000)
  to   space 15360K, 0% used [0x00000000dfb00000,0x00000000dfb00000,0x00000000e0a00000)
 ParOldGen       total 58368K, used 13650K [0x0000000081800000, 0x0000000085100000, 0x00000000d5d80000)
  object space 58368K, 23% used [0x0000000081800000,0x00000000825549f0,0x0000000085100000)
 Metaspace       used 34100K, capacity 35402K, committed 35496K, reserved 1081344K
  class space    used 4404K, capacity 4655K, committed 4656K, reserved 1048576K
Event: 5.054 GC heap after
Heap after GC invocations=9 (full 2):
 PSYoungGen      total 111104K, used 0K [0x00000000d5d80000, 0x00000000e0a00000, 0x0000000100000000)
  eden space 98816K, 0% used [0x00000000d5d80000,0x00000000d5d80000,0x00000000dbe00000)
  from space 12288K, 0% used [0x00000000dbe00000,0x00000000dbe00000,0x00000000dca00000)
  to   space 15360K, 0% used [0x00000000dfb00000,0x00000000dfb00000,0x00000000e0a00000)
 ParOldGen       total 100352K, used 20018K [0x0000000081800000, 0x0000000087a00000, 0x00000000d5d80000)
  object space 100352K, 19% used [0x0000000081800000,0x0000000082b8c878,0x0000000087a00000)
 Metaspace       used 34100K, capacity 35402K, committed 35496K, reserved 1081344K
  class space    used 4404K, capacity 4655K, committed 4656K, reserved 1048576K
}
Event: 6.474 GC heap before
{Heap before GC invocations=10 (full 2):
 PSYoungGen      total 111104K, used 98816K [0x00000000d5d80000, 0x00000000e0a00000, 0x0000000100000000)
  eden space 98816K, 100% used [0x00000000d5d80000,0x00000000dbe00000,0x00000000dbe00000)
  from space 12288K, 0% used [0x00000000dbe00000,0x00000000dbe00000,0x00000000dca00000)
  to   space 15360K, 0% used [0x00000000dfb00000,0x00000000dfb00000,0x00000000e0a00000)
 ParOldGen       total 100352K, used 20018K [0x0000000081800000, 0x0000000087a00000, 0x00000000d5d80000)
  object space 100352K, 19% used [0x0000000081800000,0x0000000082b8c878,0x0000000087a00000)
 Metaspace       used 36296K, capacity 37864K, committed 38064K, reserved 1083392K
  class space    used 4698K, capacity 5000K, committed 5040K, reserved 1048576K
Event: 6.488 GC heap after
Heap after GC invocations=10 (full 2):
 PSYoungGen      total 144896K, used 6847K [0x00000000d5d80000, 0x00000000e0200000, 0x0000000100000000)
  eden space 137728K, 0% used [0x00000000d5d80000,0x00000000d5d80000,0x00000000de400000)
  from space 7168K, 95% used [0x00000000dfb00000,0x00000000e01aff00,0x00000000e0200000)
  to   space 14848K, 0% used [0x00000000de500000,0x00000000de500000,0x00000000df380000)
 ParOldGen       total 100352K, used 20026K [0x0000000081800000, 0x0000000087a00000, 0x00000000d5d80000)
  object space 100352K, 19% used [0x0000000081800000,0x0000000082b8e878,0x0000000087a00000)
 Metaspace       used 36296K, capacity 37864K, committed 38064K, reserved 1083392K
  class space    used 4698K, capacity 5000K, committed 5040K, reserved 1048576K
}
Event: 1129.849 GC heap before
{Heap before GC invocations=11 (full 2):
 PSYoungGen      total 144896K, used 144575K [0x00000000d5d80000, 0x00000000e0200000, 0x0000000100000000)
  eden space 137728K, 100% used [0x00000000d5d80000,0x00000000de400000,0x00000000de400000)
  from space 7168K, 95% used [0x00000000dfb00000,0x00000000e01aff00,0x00000000e0200000)
  to   space 14848K, 0% used [0x00000000de500000,0x00000000de500000,0x00000000df380000)
 ParOldGen       total 100352K, used 20026K [0x0000000081800000, 0x0000000087a00000, 0x00000000d5d80000)
  object space 100352K, 19% used [0x0000000081800000,0x0000000082b8e878,0x0000000087a00000)
 Metaspace       used 46923K, capacity 48610K, committed 48944K, reserved 1091584K
  class space    used 5765K, capacity 6091K, committed 6192K, reserved 1048576K
Event: 1129.879 GC heap after
Heap after GC invocations=11 (full 2):
 PSYoungGen      total 153600K, used 14818K [0x00000000d5d80000, 0x00000000e2080000, 0x0000000100000000)
  eden space 138752K, 0% used [0x00000000d5d80000,0x00000000d5d80000,0x00000000de500000)
  from space 14848K, 99% used [0x00000000de500000,0x00000000df378b90,0x00000000df380000)
  to   space 17408K, 0% used [0x00000000e0f80000,0x00000000e0f80000,0x00000000e2080000)
 ParOldGen       total 100352K, used 21499K [0x0000000081800000, 0x0000000087a00000, 0x00000000d5d80000)
  object space 100352K, 21% used [0x0000000081800000,0x0000000082cfec38,0x0000000087a00000)
 Metaspace       used 46923K, capacity 48610K, committed 48944K, reserved 1091584K
  class space    used 5765K, capacity 6091K, committed 6192K, reserved 1048576K
}
Event: 1329.086 GC heap before
{Heap before GC invocations=12 (full 2):
 PSYoungGen      total 153600K, used 153570K [0x00000000d5d80000, 0x00000000e2080000, 0x0000000100000000)
  eden space 138752K, 100% used [0x00000000d5d80000,0x00000000de500000,0x00000000de500000)
  from space 14848K, 99% used [0x00000000de500000,0x00000000df378b90,0x00000000df380000)
  to   space 17408K, 0% used [0x00000000e0f80000,0x00000000e0f80000,0x00000000e2080000)
 ParOldGen       total 100352K, used 21499K [0x0000000081800000, 0x0000000087a00000, 0x00000000d5d80000)
  object space 100352K, 21% used [0x0000000081800000,0x0000000082cfec38,0x0000000087a00000)
 Metaspace       used 46961K, capacity 48674K, committed 48944K, reserved 1091584K
  class space    used 5765K, capacity 6091K, committed 6192K, reserved 1048576K
Event: 1329.099 GC heap after
Heap after GC invocations=12 (full 2):
 PSYoungGen      total 174080K, used 9680K [0x00000000d5d80000, 0x00000000e1c00000, 0x0000000100000000)
  eden space 161280K, 0% used [0x00000000d5d80000,0x00000000d5d80000,0x00000000dfb00000)
  from space 12800K, 75% used [0x00000000e0f80000,0x00000000e18f42e0,0x00000000e1c00000)
  to   space 16896K, 0% used [0x00000000dfb00000,0x00000000dfb00000,0x00000000e0b80000)
 ParOldGen       total 100352K, used 21507K [0x0000000081800000, 0x0000000087a00000, 0x00000000d5d80000)
  object space 100352K, 21% used [0x0000000081800000,0x0000000082d00c38,0x0000000087a00000)
 Metaspace       used 46961K, capacity 48674K, committed 48944K, reserved 1091584K
  class space    used 5765K, capacity 6091K, committed 6192K, reserved 1048576K
}

