# JRE version: Java(TM) SE Runtime Environment (8.0_161-b12) (build 1.8.0_161-b12)
# Java VM: Java HotSpot(TM) 64-Bit Server VM (25.161-b12 mixed mode windows-amd64 compressed oops)
Heap:
 PSYoungGen      total 71680K, used 5092K [0x00000000d5d80000, 0x00000000da880000, 0x0000000100000000)
  eden space 66560K, 0% used [0x00000000d5d80000,0x00000000d5d80000,0x00000000d9e80000)
  from space 5120K, 99% used [0x00000000da380000,0x00000000da879040,0x00000000da880000)
  to   space 5120K, 0% used [0x00000000d9e80000,0x00000000d9e80000,0x00000000da380000)
 ParOldGen       total 57344K, used 15640K [0x0000000081800000, 0x0000000085000000, 0x00000000d5d80000)
  object space 57344K, 27% used [0x0000000081800000,0x0000000082746220,0x0000000085000000)
 Metaspace       used 30615K, capacity 31790K, committed 31872K, reserved 1081344K
  class space    used 3963K, capacity 4215K, committed 4224K, reserved 1048576K
GC Heap History (10 events):
Event: 1.000 GC heap after
Heap after GC invocations=2 (full 0):
 PSYoungGen      total 38400K, used 5100K [0x00000000d5d80000, 0x00000000da880000, 0x0000000100000000)
  eden space 33280K, 0% used [0x00000000d5d80000,0x00000000d5d80000,0x00000000d7e00000)
  from space 5120K, 99% used [0x00000000d8300000,0x00000000d87fb038,0x00000000d8800000)
  to   space 5120K, 0% used [0x00000000d7e00000,0x00000000d7e00000,0x00000000d8300000)
 ParOldGen       total 87552K, used 2092K [0x0000000081800000, 0x0000000086d80000, 0x00000000d5d80000)
  object space 87552K, 2% used [0x0000000081800000,0x0000000081a0b0d0,0x0000000086d80000)
 Metaspace       used 14191K, capacity 14700K, committed 14848K, reserved 1062912K
  class space    used 1889K, capacity 2024K, committed 2048K, reserved 1048576K
}
Event: 1.309 GC heap before
{Heap before GC invocations=3 (full 0):
 PSYoungGen      total 38400K, used 38380K [0x00000000d5d80000, 0x00000000da880000, 0x0000000100000000)
  eden space 33280K, 100% used [0x00000000d5d80000,0x00000000d7e00000,0x00000000d7e00000)
  from space 5120K, 99% used [0x00000000d8300000,0x00000000d87fb038,0x00000000d8800000)
  to   space 5120K, 0% used [0x00000000d7e00000,0x00000000d7e00000,0x00000000d8300000)
 ParOldGen       total 87552K, used 2092K [0x0000000081800000, 0x0000000086d80000, 0x00000000d5d80000)
  object space 87552K, 2% used [0x0000000081800000,0x0000000081a0b0d0,0x0000000086d80000)
 Metaspace       used 19370K, capacity 19912K, committed 20096K, reserved 1067008K
  class space    used 2502K, capacity 2664K, committed 2688K, reserved 1048576K
Event: 1.319 GC heap after
Heap after GC invocations=3 (full 0):
 PSYoungGen      total 38400K, used 5109K [0x00000000d5d80000, 0x00000000da880000, 0x0000000100000000)
  eden space 33280K, 0% used [0x00000000d5d80000,0x00000000d5d80000,0x00000000d7e00000)
  from space 5120K, 99% used [0x00000000d7e00000,0x00000000d82fd6f0,0x00000000d8300000)
  to   space 5120K, 0% used [0x00000000da380000,0x00000000da380000,0x00000000da880000)
 ParOldGen       total 87552K, used 6097K [0x0000000081800000, 0x0000000086d80000, 0x00000000d5d80000)
  object space 87552K, 6% used [0x0000000081800000,0x0000000081df4730,0x0000000086d80000)
 Metaspace       used 19370K, capacity 19912K, committed 20096K, reserved 1067008K
  class space    used 2502K, capacity 2664K, committed 2688K, reserved 1048576K
}
Event: 1.420 GC heap before
{Heap before GC invocations=4 (full 0):
 PSYoungGen      total 38400K, used 18740K [0x00000000d5d80000, 0x00000000da880000, 0x0000000100000000)
  eden space 33280K, 40% used [0x00000000d5d80000,0x00000000d6acfa30,0x00000000d7e00000)
  from space 5120K, 99% used [0x00000000d7e00000,0x00000000d82fd6f0,0x00000000d8300000)
  to   space 5120K, 0% used [0x00000000da380000,0x00000000da380000,0x00000000da880000)
 ParOldGen       total 87552K, used 6097K [0x0000000081800000, 0x0000000086d80000, 0x00000000d5d80000)
  object space 87552K, 6% used [0x0000000081800000,0x0000000081df4730,0x0000000086d80000)
 Metaspace       used 20574K, capacity 21170K, committed 21296K, reserved 1067008K
  class space    used 2680K, capacity 2827K, committed 2944K, reserved 1048576K
Event: 1.427 GC heap after
Heap after GC invocations=4 (full 0):
 PSYoungGen      total 71680K, used 5106K [0x00000000d5d80000, 0x00000000da880000, 0x0000000100000000)
  eden space 66560K, 0% used [0x00000000d5d80000,0x00000000d5d80000,0x00000000d9e80000)
  from space 5120K, 99% used [0x00000000da380000,0x00000000da87c920,0x00000000da880000)
  to   space 5120K, 0% used [0x00000000d9e80000,0x00000000d9e80000,0x00000000da380000)
 ParOldGen       total 87552K, used 7174K [0x0000000081800000, 0x0000000086d80000, 0x00000000d5d80000)
  object space 87552K, 8% used [0x0000000081800000,0x0000000081f01b28,0x0000000086d80000)
 Metaspace       used 20574K, capacity 21170K, committed 21296K, reserved 1067008K
  class space    used 2680K, capacity 2827K, committed 2944K, reserved 1048576K
}
Event: 1.427 GC heap before
{Heap before GC invocations=5 (full 1):
 PSYoungGen      total 71680K, used 5106K [0x00000000d5d80000, 0x00000000da880000, 0x0000000100000000)
  eden space 66560K, 0% used [0x00000000d5d80000,0x00000000d5d80000,0x00000000d9e80000)
  from space 5120K, 99% used [0x00000000da380000,0x00000000da87c920,0x00000000da880000)
  to   space 5120K, 0% used [0x00000000d9e80000,0x00000000d9e80000,0x00000000da380000)
 ParOldGen       total 87552K, used 7174K [0x0000000081800000, 0x0000000086d80000, 0x00000000d5d80000)
  object space 87552K, 8% used [0x0000000081800000,0x0000000081f01b28,0x0000000086d80000)
 Metaspace       used 20574K, capacity 21170K, committed 21296K, reserved 1067008K
  class space    used 2680K, capacity 2827K, committed 2944K, reserved 1048576K
Event: 1.460 GC heap after
Heap after GC invocations=5 (full 1):
 PSYoungGen      total 71680K, used 0K [0x00000000d5d80000, 0x00000000da880000, 0x0000000100000000)
  eden space 66560K, 0% used [0x00000000d5d80000,0x00000000d5d80000,0x00000000d9e80000)
  from space 5120K, 0% used [0x00000000da380000,0x00000000da380000,0x00000000da880000)
  to   space 5120K, 0% used [0x00000000d9e80000,0x00000000d9e80000,0x00000000da380000)
 ParOldGen       total 57344K, used 6011K [0x0000000081800000, 0x0000000085000000, 0x00000000d5d80000)
  object space 57344K, 10% used [0x0000000081800000,0x0000000081ddec38,0x0000000085000000)
 Metaspace       used 20574K, capacity 21170K, committed 21296K, reserved 1067008K
  class space    used 2680K, capacity 2827K, committed 2944K, reserved 1048576K
}
Event: 2.502 GC heap before
{Heap before GC invocations=6 (full 1):
 PSYoungGen      total 71680K, used 66560K [0x00000000d5d80000, 0x00000000da880000, 0x0000000100000000)
  eden space 66560K, 100% used [0x00000000d5d80000,0x00000000d9e80000,0x00000000d9e80000)
  from space 5120K, 0% used [0x00000000da380000,0x00000000da380000,0x00000000da880000)
  to   space 5120K, 0% used [0x00000000d9e80000,0x00000000d9e80000,0x00000000da380000)
 ParOldGen       total 57344K, used 6011K [0x0000000081800000, 0x0000000085000000, 0x00000000d5d80000)
  object space 57344K, 10% used [0x0000000081800000,0x0000000081ddec38,0x0000000085000000)
 Metaspace       used 26139K, capacity 26960K, committed 27136K, reserved 1073152K
  class space    used 3376K, capacity 3578K, committed 3584K, reserved 1048576K
Event: 2.515 GC heap after
Heap after GC invocations=6 (full 1):
 PSYoungGen      total 71680K, used 5097K [0x00000000d5d80000, 0x00000000da880000, 0x0000000100000000)
  eden space 66560K, 0% used [0x00000000d5d80000,0x00000000d5d80000,0x00000000d9e80000)
  from space 5120K, 99% used [0x00000000d9e80000,0x00000000da37a650,0x00000000da380000)
  to   space 5120K, 0% used [0x00000000da380000,0x00000000da380000,0x00000000da880000)
 ParOldGen       total 57344K, used 8187K [0x0000000081800000, 0x0000000085000000, 0x00000000d5d80000)
  object space 57344K, 14% used [0x0000000081800000,0x0000000081ffed38,0x0000000085000000)
 Metaspace       used 26139K, capacity 26960K, committed 27136K, reserved 1073152K
  class space    used 3376K, capacity 3578K, committed 3584K, reserved 1048576K
}
Event: 3.404 GC heap before
{Heap before GC invocations=7 (full 1):
 PSYoungGen      total 71680K, used 66639K [0x00000000d5d80000, 0x00000000da880000, 0x0000000100000000)
  eden space 66560K, 92% used [0x00000000d5d80000,0x00000000d9999930,0x00000000d9e80000)
  from space 5120K, 99% used [0x00000000d9e80000,0x00000000da37a650,0x00000000da380000)
  to   space 5120K, 0% used [0x00000000da380000,0x00000000da380000,0x00000000da880000)
 ParOldGen       total 57344K, used 8187K [0x0000000081800000, 0x0000000085000000, 0x00000000d5d80000)
  object space 57344K, 14% used [0x0000000081800000,0x0000000081ffed38,0x0000000085000000)
 Metaspace       used 30615K, capacity 31790K, committed 31872K, reserved 1081344K
  class space    used 3963K, capacity 4215K, committed 4224K, reserved 1048576K

